{"C:\\Users\\Alex\\Documents\\ReactJS\\rest_api_node_ts\\src\\router.ts": {"path":"C:\\Users\\Alex\\Documents\\ReactJS\\rest_api_node_ts\\src\\router.ts","statementMap":{"0":{"start":{"line":1,"column":0},"end":{"line":1,"column":33}},"1":{"start":{"line":2,"column":0},"end":{"line":2,"column":130}},"2":{"start":{"line":3,"column":0},"end":{"line":3,"column":48}},"3":{"start":{"line":4,"column":0},"end":{"line":4,"column":49}},"4":{"start":{"line":6,"column":15},"end":{"line":6,"column":23}},"5":{"start":{"line":9,"column":0},"end":{"line":9,"column":null}},"6":{"start":{"line":10,"column":0},"end":{"line":15,"column":null}},"7":{"start":{"line":17,"column":0},"end":{"line":26,"column":null}},"8":{"start":{"line":23,"column":26},"end":{"line":23,"column":35}},"9":{"start":{"line":28,"column":0},"end":{"line":40,"column":null}},"10":{"start":{"line":35,"column":26},"end":{"line":35,"column":35}},"11":{"start":{"line":42,"column":0},"end":{"line":46,"column":null}},"12":{"start":{"line":48,"column":0},"end":{"line":52,"column":null}},"13":{"start":{"line":55,"column":0},"end":{"line":55,"column":null}}},"fnMap":{"0":{"name":"(anonymous_0)","decl":{"start":{"line":23,"column":17},"end":{"line":23,"column":22}},"loc":{"start":{"line":23,"column":26},"end":{"line":23,"column":35}}},"1":{"name":"(anonymous_1)","decl":{"start":{"line":35,"column":17},"end":{"line":35,"column":22}},"loc":{"start":{"line":35,"column":26},"end":{"line":35,"column":35}}}},"branchMap":{},"s":{"0":1,"1":1,"2":1,"3":1,"4":1,"5":1,"6":1,"7":1,"8":4,"9":1,"10":5,"11":1,"12":1,"13":1},"f":{"0":4,"1":5},"b":{}}
,"C:\\Users\\Alex\\Documents\\ReactJS\\rest_api_node_ts\\src\\server.ts": {"path":"C:\\Users\\Alex\\Documents\\ReactJS\\rest_api_node_ts\\src\\server.ts","statementMap":{"0":{"start":{"line":1,"column":0},"end":{"line":1,"column":30}},"1":{"start":{"line":2,"column":0},"end":{"line":2,"column":30}},"2":{"start":{"line":3,"column":0},"end":{"line":3,"column":27}},"3":{"start":{"line":4,"column":0},"end":{"line":4,"column":29}},"4":{"start":{"line":8,"column":4},"end":{"line":15,"column":5}},"5":{"start":{"line":9,"column":8},"end":{"line":9,"column":null}},"6":{"start":{"line":10,"column":8},"end":{"line":10,"column":null}},"7":{"start":{"line":14,"column":28},"end":{"line":14,"column":null}},"8":{"start":{"line":18,"column":0},"end":{"line":18,"column":null}},"9":{"start":{"line":21,"column":15},"end":{"line":21,"column":24}},"10":{"start":{"line":24,"column":0},"end":{"line":24,"column":null}},"11":{"start":{"line":26,"column":0},"end":{"line":26,"column":null}},"12":{"start":{"line":28,"column":0},"end":{"line":30,"column":null}},"13":{"start":{"line":29,"column":4},"end":{"line":29,"column":null}},"14":{"start":{"line":32,"column":0},"end":{"line":32,"column":null}},"15":{"start":{"line":39,"column":85},"end":{"line":39,"column":38394}},"16":{"start":{"line":39,"column":89},"end":{"line":39,"column":38383}},"17":{"start":{"line":39,"column":38509},"end":{"line":39,"column":38515}},"18":{"start":{"line":39,"column":38630},"end":{"line":39,"column":38636}},"19":{"start":{"line":39,"column":38755},"end":{"line":39,"column":38761}},"20":{"start":{"line":39,"column":38905},"end":{"line":39,"column":38911}}},"fnMap":{"0":{"name":"connectDB","decl":{"start":{"line":7,"column":15},"end":{"line":7,"column":24}},"loc":{"start":{"line":7,"column":24},"end":{"line":16,"column":1}}},"1":{"name":"(anonymous_2)","decl":{"start":{"line":28,"column":19},"end":{"line":28,"column":20}},"loc":{"start":{"line":28,"column":32},"end":{"line":30,"column":1}}},"2":{"name":"oo_cm","decl":{"start":{"line":39,"column":77},"end":{"line":39,"column":82}},"loc":{"start":{"line":39,"column":82},"end":{"line":39,"column":38395}}}},"branchMap":{"0":{"loc":{"start":{"line":39,"column":96},"end":{"line":39,"column":38382}},"type":"binary-expr","locations":[{"start":{"line":39,"column":96},"end":{"line":39,"column":133}},{"start":{"line":39,"column":137},"end":{"line":39,"column":38382}}]}},"s":{"0":1,"1":1,"2":1,"3":1,"4":1,"5":1,"6":1,"7":0,"8":1,"9":1,"10":1,"11":1,"12":1,"13":1,"14":1,"15":0,"16":0,"17":1,"18":1,"19":1,"20":1},"f":{"0":1,"1":1,"2":0},"b":{"0":[0,0]}}
,"C:\\Users\\Alex\\Documents\\ReactJS\\rest_api_node_ts\\src\\config\\db.ts": {"path":"C:\\Users\\Alex\\Documents\\ReactJS\\rest_api_node_ts\\src\\config\\db.ts","statementMap":{"0":{"start":{"line":1,"column":0},"end":{"line":1,"column":49}},"1":{"start":{"line":2,"column":0},"end":{"line":2,"column":27}},"2":{"start":{"line":3,"column":0},"end":{"line":3,"column":null}},"3":{"start":{"line":5,"column":11},"end":{"line":8,"column":2}},"4":{"start":{"line":10,"column":0},"end":{"line":10,"column":null}}},"fnMap":{},"branchMap":{},"s":{"0":1,"1":1,"2":1,"3":1,"4":1},"f":{},"b":{}}
,"C:\\Users\\Alex\\Documents\\ReactJS\\rest_api_node_ts\\src\\handlers\\product.ts": {"path":"C:\\Users\\Alex\\Documents\\ReactJS\\rest_api_node_ts\\src\\handlers\\product.ts","statementMap":{"0":{"start":{"line":2,"column":0},"end":{"line":2,"column":46}},"1":{"start":{"line":5,"column":27},"end":{"line":8,"column":1}},"2":{"start":{"line":6,"column":25},"end":{"line":6,"column":48}},"3":{"start":{"line":7,"column":8},"end":{"line":7,"column":null}},"4":{"start":{"line":5,"column":13},"end":{"line":5,"column":27}},"5":{"start":{"line":10,"column":30},"end":{"line":19,"column":1}},"6":{"start":{"line":11,"column":23},"end":{"line":11,"column":33}},"7":{"start":{"line":12,"column":24},"end":{"line":12,"column":50}},"8":{"start":{"line":13,"column":8},"end":{"line":17,"column":9}},"9":{"start":{"line":14,"column":12},"end":{"line":16,"column":null}},"10":{"start":{"line":18,"column":8},"end":{"line":18,"column":null}},"11":{"start":{"line":10,"column":13},"end":{"line":10,"column":30}},"12":{"start":{"line":21,"column":29},"end":{"line":24,"column":1}},"13":{"start":{"line":22,"column":24},"end":{"line":22,"column":54}},"14":{"start":{"line":23,"column":8},"end":{"line":23,"column":null}},"15":{"start":{"line":21,"column":13},"end":{"line":21,"column":29}},"16":{"start":{"line":27,"column":29},"end":{"line":44,"column":1}},"17":{"start":{"line":29,"column":23},"end":{"line":29,"column":33}},"18":{"start":{"line":30,"column":24},"end":{"line":30,"column":50}},"19":{"start":{"line":32,"column":8},"end":{"line":36,"column":9}},"20":{"start":{"line":33,"column":12},"end":{"line":35,"column":null}},"21":{"start":{"line":39,"column":8},"end":{"line":39,"column":null}},"22":{"start":{"line":40,"column":8},"end":{"line":40,"column":null}},"23":{"start":{"line":42,"column":8},"end":{"line":42,"column":null}},"24":{"start":{"line":27,"column":13},"end":{"line":27,"column":29}},"25":{"start":{"line":46,"column":34},"end":{"line":60,"column":1}},"26":{"start":{"line":48,"column":23},"end":{"line":48,"column":33}},"27":{"start":{"line":49,"column":24},"end":{"line":49,"column":50}},"28":{"start":{"line":50,"column":8},"end":{"line":54,"column":9}},"29":{"start":{"line":51,"column":12},"end":{"line":53,"column":null}},"30":{"start":{"line":56,"column":8},"end":{"line":56,"column":null}},"31":{"start":{"line":57,"column":8},"end":{"line":57,"column":null}},"32":{"start":{"line":58,"column":8},"end":{"line":58,"column":null}},"33":{"start":{"line":46,"column":13},"end":{"line":46,"column":34}},"34":{"start":{"line":62,"column":29},"end":{"line":75,"column":1}},"35":{"start":{"line":64,"column":19},"end":{"line":64,"column":29}},"36":{"start":{"line":65,"column":21},"end":{"line":65,"column":47}},"37":{"start":{"line":66,"column":4},"end":{"line":70,"column":5}},"38":{"start":{"line":67,"column":8},"end":{"line":69,"column":null}},"39":{"start":{"line":72,"column":4},"end":{"line":72,"column":null}},"40":{"start":{"line":73,"column":4},"end":{"line":73,"column":null}},"41":{"start":{"line":62,"column":13},"end":{"line":62,"column":29}}},"fnMap":{"0":{"name":"(anonymous_1)","decl":{"start":{"line":5,"column":27},"end":{"line":5,"column":32}},"loc":{"start":{"line":5,"column":69},"end":{"line":8,"column":1}}},"1":{"name":"(anonymous_2)","decl":{"start":{"line":10,"column":30},"end":{"line":10,"column":35}},"loc":{"start":{"line":10,"column":72},"end":{"line":19,"column":1}}},"2":{"name":"(anonymous_3)","decl":{"start":{"line":21,"column":29},"end":{"line":21,"column":34}},"loc":{"start":{"line":21,"column":71},"end":{"line":24,"column":1}}},"3":{"name":"(anonymous_4)","decl":{"start":{"line":27,"column":29},"end":{"line":27,"column":34}},"loc":{"start":{"line":27,"column":71},"end":{"line":44,"column":1}}},"4":{"name":"(anonymous_5)","decl":{"start":{"line":46,"column":34},"end":{"line":46,"column":39}},"loc":{"start":{"line":46,"column":76},"end":{"line":60,"column":1}}},"5":{"name":"(anonymous_6)","decl":{"start":{"line":62,"column":29},"end":{"line":62,"column":34}},"loc":{"start":{"line":62,"column":71},"end":{"line":75,"column":1}}}},"branchMap":{"0":{"loc":{"start":{"line":13,"column":8},"end":{"line":17,"column":9}},"type":"if","locations":[{"start":{"line":13,"column":8},"end":{"line":17,"column":9}}]},"1":{"loc":{"start":{"line":32,"column":8},"end":{"line":36,"column":9}},"type":"if","locations":[{"start":{"line":32,"column":8},"end":{"line":36,"column":9}}]},"2":{"loc":{"start":{"line":50,"column":8},"end":{"line":54,"column":9}},"type":"if","locations":[{"start":{"line":50,"column":8},"end":{"line":54,"column":9}}]},"3":{"loc":{"start":{"line":66,"column":4},"end":{"line":70,"column":5}},"type":"if","locations":[{"start":{"line":66,"column":4},"end":{"line":70,"column":5}}]}},"s":{"0":1,"1":1,"2":2,"3":2,"4":1,"5":1,"6":2,"7":2,"8":2,"9":1,"10":1,"11":1,"12":1,"13":1,"14":1,"15":1,"16":1,"17":2,"18":2,"19":2,"20":1,"21":1,"22":1,"23":1,"24":1,"25":1,"26":2,"27":2,"28":2,"29":1,"30":1,"31":1,"32":1,"33":1,"34":1,"35":2,"36":2,"37":2,"38":1,"39":1,"40":1,"41":1},"f":{"0":2,"1":2,"2":1,"3":2,"4":2,"5":2},"b":{"0":[1],"1":[1],"2":[1],"3":[1]}}
,"C:\\Users\\Alex\\Documents\\ReactJS\\rest_api_node_ts\\src\\middleware\\index.ts": {"path":"C:\\Users\\Alex\\Documents\\ReactJS\\rest_api_node_ts\\src\\middleware\\index.ts","statementMap":{"0":{"start":{"line":2,"column":0},"end":{"line":2,"column":52}},"1":{"start":{"line":4,"column":33},"end":{"line":12,"column":1}},"2":{"start":{"line":6,"column":17},"end":{"line":6,"column":38}},"3":{"start":{"line":7,"column":4},"end":{"line":9,"column":5}},"4":{"start":{"line":8,"column":8},"end":{"line":8,"column":null}},"5":{"start":{"line":11,"column":4},"end":{"line":11,"column":null}},"6":{"start":{"line":4,"column":13},"end":{"line":4,"column":33}}},"fnMap":{"0":{"name":"(anonymous_0)","decl":{"start":{"line":4,"column":33},"end":{"line":4,"column":35}},"loc":{"start":{"line":4,"column":87},"end":{"line":12,"column":1}}}},"branchMap":{"0":{"loc":{"start":{"line":7,"column":4},"end":{"line":9,"column":5}},"type":"if","locations":[{"start":{"line":7,"column":4},"end":{"line":9,"column":5}}]}},"s":{"0":1,"1":1,"2":17,"3":17,"4":8,"5":9,"6":1},"f":{"0":17},"b":{"0":[8]}}
,"C:\\Users\\Alex\\Documents\\ReactJS\\rest_api_node_ts\\src\\models\\Product.models.ts": {"path":"C:\\Users\\Alex\\Documents\\ReactJS\\rest_api_node_ts\\src\\models\\Product.models.ts","statementMap":{"0":{"start":{"line":1,"column":0},"end":{"line":1,"column":79}},"1":{"start":{"line":7,"column":0},"end":{"line":23,"column":null}},"2":{"start":{"line":11,"column":12},"end":{"line":11,"column":null}},"3":{"start":{"line":16,"column":12},"end":{"line":16,"column":null}},"4":{"start":{"line":22,"column":12},"end":{"line":22,"column":null}},"5":{"start":{"line":7,"column":6},"end":{"line":23,"column":null}},"6":{"start":{"line":25,"column":0},"end":{"line":25,"column":null}}},"fnMap":{},"branchMap":{},"s":{"0":1,"1":1,"2":1,"3":1,"4":1,"5":1,"6":1},"f":{},"b":{}}
}
