TN:
SF:src\router.ts
FN:23,(anonymous_0)
FN:35,(anonymous_1)
FNF:2
FNH:2
FNDA:4,(anonymous_0)
FNDA:5,(anonymous_1)
DA:1,1
DA:2,1
DA:3,1
DA:4,1
DA:6,1
DA:9,1
DA:10,1
DA:17,1
DA:23,4
DA:28,1
DA:35,5
DA:42,1
DA:48,1
DA:55,1
LF:14
LH:14
BRF:0
BRH:0
end_of_record
TN:
SF:src\server.ts
FN:7,connectDB
FN:36,oo_cm
FNF:2
FNH:1
FNDA:1,connectDB
FNDA:0,oo_cm
DA:1,1
DA:2,1
DA:3,1
DA:4,1
DA:8,1
DA:9,1
DA:10,1
DA:14,0
DA:18,1
DA:21,1
DA:24,1
DA:26,1
DA:29,1
DA:36,1
LF:14
LH:13
BRDA:36,0,0,0
BRDA:36,0,1,0
BRF:2
BRH:0
end_of_record
TN:
SF:src\config\db.ts
FNF:0
FNH:0
DA:1,1
DA:2,1
DA:3,1
DA:5,1
DA:10,1
LF:5
LH:5
BRF:0
BRH:0
end_of_record
TN:
SF:src\handlers\product.ts
FN:5,(anonymous_1)
FN:10,(anonymous_2)
FN:21,(anonymous_3)
FN:27,(anonymous_4)
FN:46,(anonymous_5)
FN:62,(anonymous_6)
FNF:6
FNH:6
FNDA:2,(anonymous_1)
FNDA:2,(anonymous_2)
FNDA:1,(anonymous_3)
FNDA:2,(anonymous_4)
FNDA:2,(anonymous_5)
FNDA:2,(anonymous_6)
DA:2,1
DA:5,1
DA:6,2
DA:7,2
DA:10,1
DA:11,2
DA:12,2
DA:13,2
DA:14,1
DA:18,1
DA:21,1
DA:22,1
DA:23,1
DA:27,1
DA:29,2
DA:30,2
DA:32,2
DA:33,1
DA:39,1
DA:40,1
DA:42,1
DA:46,1
DA:48,2
DA:49,2
DA:50,2
DA:51,1
DA:56,1
DA:57,1
DA:58,1
DA:62,1
DA:64,2
DA:65,2
DA:66,2
DA:67,1
DA:72,1
DA:73,1
LF:36
LH:36
BRDA:13,0,0,1
BRDA:32,1,0,1
BRDA:50,2,0,1
BRDA:66,3,0,1
BRF:4
BRH:4
end_of_record
TN:
SF:src\middleware\index.ts
FN:4,(anonymous_0)
FNF:1
FNH:1
FNDA:17,(anonymous_0)
DA:2,1
DA:4,1
DA:6,17
DA:7,17
DA:8,8
DA:11,9
LF:6
LH:6
BRDA:7,0,0,8
BRF:1
BRH:1
end_of_record
TN:
SF:src\models\Product.models.ts
FNF:0
FNH:0
DA:1,1
DA:7,1
DA:11,1
DA:16,1
DA:22,1
DA:25,1
LF:6
LH:6
BRF:0
BRH:0
end_of_record
